<?xml version="1.0" encoding="UTF-8"?>
<testng-results total="1" passed="1" failed="0" skipped="0">
  <reporter-output>
    <line>
      <![CDATA[open app]]>
    </line>
    <line>
      <![CDATA[login]]>
    </line>
    <line>
      <![CDATA[Add]]>
    </line>
    <line>
      <![CDATA[Edit]]>
    </line>
    <line>
      <![CDATA[delete]]>
    </line>
    <line>
      <![CDATA[closeapp]]>
    </line>
  </reporter-output>
  <suite started-at="2024-04-19T12:12:59Z" name="Suite" finished-at="2024-04-19T12:13:29Z" duration-ms="29780">
    <groups>
    </groups>
    <test started-at="2024-04-19T12:12:59Z" name="Test" finished-at="2024-04-19T12:13:29Z" duration-ms="29780">
      <class name="Tscript.TC001">
        <test-method signature="Testng()[pri:0, instance:Tscript.TC001@74455848]" started-at="2024-04-19T17:42:59Z" name="Testng" finished-at="2024-04-19T17:43:29Z" duration-ms="29766" status="PASS">
          <reporter-output>
            <line>
              <![CDATA[open app]]>
            </line>
            <line>
              <![CDATA[login]]>
            </line>
            <line>
              <![CDATA[Add]]>
            </line>
            <line>
              <![CDATA[Edit]]>
            </line>
            <line>
              <![CDATA[delete]]>
            </line>
            <line>
              <![CDATA[closeapp]]>
            </line>
          </reporter-output>
        </test-method> <!-- Testng -->
      </class> <!-- Tscript.TC001 -->
    </test> <!-- Test -->
  </suite> <!-- Suite -->
</testng-results>
